Terminals unused in grammar

   SITUATION_TOK
   BSITUATION_TOK
   CONSTRAINTS_TOK
   WITHIN_TOK
   SOMETIME_TOK
   ALWAYS_TOK
   AT_MOST_ONCE_TOK
   SOMETIME_AFTER_TOK
   SOMETIME_BEFORE_TOK
   ALWAYS_WITHIN_TOK
   HOLD_DURING_TOK
   HOLD_AFTER_TOK
   AT_END_TOK


状态 79 conflicts: 1 shift/reduce
状态 86 conflicts: 1 reduce/reduce
状态 127 conflicts: 1 shift/reduce
状态 210 conflicts: 3 shift/reduce
状态 212 conflicts: 4 shift/reduce
状态 214 conflicts: 3 shift/reduce
状态 216 conflicts: 3 shift/reduce
状态 236 conflicts: 2 reduce/reduce
状态 250 conflicts: 1 reduce/reduce


语法

    0 $accept: file $end

    1 file: %empty
    2     | problem_definition file

    3 $@1: %empty

    4 problem_definition: OPEN_PAREN DEFINE_TOK $@1 problem_name problem_defs CLOSE_PAREN

    5 problem_name: OPEN_PAREN PROBLEM_TOK NAME CLOSE_PAREN

    6 base_domain_name: OPEN_PAREN BDOMAIN_TOK NAME CLOSE_PAREN

    7 problem_defs: %empty
    8             | problem_defs objects_def
    9             | problem_defs init_def
   10             | problem_defs goal_def
   11             | problem_defs base_domain_name
   12             | problem_defs length_spec
   13             | problem_defs require_def
   14             | problem_defs metric_spec

   15 objects_def: OPEN_PAREN OBJECTS_TOK typed_list_name CLOSE_PAREN

   16 $@2: %empty

   17 init_def: OPEN_PAREN INIT_TOK $@2 init_el_plus CLOSE_PAREN

   18 init_el_plus: init_el
   19             | init_el init_el_plus

   20 init_el: literal_name
   21        | OPEN_PAREN EQUAL_TOK f_head num_exp CLOSE_PAREN
   22        | OPEN_PAREN AT_TOK literal_name CLOSE_PAREN

   23 $@3: %empty

   24 goal_def: OPEN_PAREN GOAL_TOK $@3 pre_GD CLOSE_PAREN

   25 pre_GD: OPEN_PAREN CLOSE_PAREN
   26       | pref_GD
   27       | OPEN_PAREN AND_TOK pre_GD_star CLOSE_PAREN
   28       | OPEN_PAREN FORALL_TOK OPEN_PAREN typed_list_variable CLOSE_PAREN pre_GD CLOSE_PAREN

   29 pref_GD: OPEN_PAREN PREFERENCE_TOK NAME adl_goal_description CLOSE_PAREN
   30        | OPEN_PAREN PREFERENCE_TOK adl_goal_description CLOSE_PAREN
   31        | adl_goal_description1

   32 pre_GD_star: %empty
   33            | pre_GD pre_GD_star

   34 adl_goal_description: adl_goal_description1
   35                     | OPEN_PAREN AND_TOK adl_goal_description_star CLOSE_PAREN

   36 adl_goal_description1: literal_term
   37                      | OPEN_PAREN OR_TOK adl_goal_description_star CLOSE_PAREN
   38                      | OPEN_PAREN NOT_TOK adl_goal_description CLOSE_PAREN
   39                      | OPEN_PAREN IMPLY_TOK adl_goal_description adl_goal_description CLOSE_PAREN
   40                      | OPEN_PAREN EXISTS_TOK OPEN_PAREN typed_list_variable CLOSE_PAREN adl_goal_description CLOSE_PAREN
   41                      | OPEN_PAREN FORALL_TOK OPEN_PAREN typed_list_variable CLOSE_PAREN adl_goal_description CLOSE_PAREN
   42                      | f_comp

   43 f_comp: OPEN_PAREN binary_comp f_exp f_exp CLOSE_PAREN

   44 f_exp: num_exp
   45      | OPEN_PAREN MINUS_TOK f_exp CLOSE_PAREN
   46      | OPEN_PAREN MINUS_TOK f_exp f_exp CLOSE_PAREN
   47      | OPEN_PAREN PLUS_TOK f_exp f_exp CLOSE_PAREN
   48      | OPEN_PAREN MUL_TOK f_exp f_exp CLOSE_PAREN
   49      | OPEN_PAREN DIV_TOK f_exp f_exp CLOSE_PAREN
   50      | f_head

   51 f_head: OPEN_PAREN function_symbol term_star CLOSE_PAREN
   52       | function_symbol

   53 binary_comp: GREATER_TOK
   54            | LESS_THAN_TOK
   55            | EQUAL_TOK
   56            | GREATER_OR_EQUAL_TOK
   57            | LESS_THAN_OR_EQUAL_TOK

   58 num_exp: OPEN_PAREN MINUS_TOK num_exp CLOSE_PAREN
   59        | OPEN_PAREN MINUS_TOK num_exp num_exp CLOSE_PAREN
   60        | OPEN_PAREN PLUS_TOK num_exp num_exp CLOSE_PAREN
   61        | OPEN_PAREN MUL_TOK num_exp num_exp CLOSE_PAREN
   62        | OPEN_PAREN DIV_TOK num_exp num_exp CLOSE_PAREN
   63        | number

   64 number: INTVAL
   65       | FLOATVAL

   66 function_symbol: NAME

   67 adl_goal_description_star: %empty
   68                          | adl_goal_description adl_goal_description_star

   69 literal_term: OPEN_PAREN NOT_TOK atomic_formula_term CLOSE_PAREN
   70             | atomic_formula_term

   71 atomic_formula_term: OPEN_PAREN predicate term_star CLOSE_PAREN

   72 term_star: %empty
   73          | term term_star

   74 term: NAME
   75     | VARIABLE

   76 name_plus: NAME
   77          | NAME name_plus

   78 typed_list_name: %empty
   79                | NAME either name_plus CLOSE_PAREN typed_list_name
   80                | NAME type typed_list_name
   81                | NAME typed_list_name

   82 typed_list_variable: %empty
   83                    | VARIABLE either name_plus CLOSE_PAREN typed_list_variable
   84                    | VARIABLE type typed_list_variable
   85                    | VARIABLE typed_list_variable

   86 predicate: NAME
   87          | EQUAL_TOK

   88 literal_name: OPEN_PAREN NOT_TOK atomic_formula_name CLOSE_PAREN
   89             | atomic_formula_name

   90 atomic_formula_name: OPEN_PAREN predicate name_star CLOSE_PAREN

   91 name_star: %empty
   92          | NAME name_star

   93 metric_spec: OPEN_PAREN METRIC_TOK optimization ground_f_exp CLOSE_PAREN

   94 optimization: MINIMIZE_TOK
   95             | MAXIMIZE_TOK

   96 ground_f_exp: OPEN_PAREN MINUS_TOK ground_f_exp CLOSE_PAREN
   97             | OPEN_PAREN MINUS_TOK ground_f_exp ground_f_exp CLOSE_PAREN
   98             | OPEN_PAREN PLUS_TOK ground_f_exp plus_ground_f_exp_plus CLOSE_PAREN
   99             | OPEN_PAREN MUL_TOK ground_f_exp mul_ground_f_exp_plus CLOSE_PAREN
  100             | OPEN_PAREN DIV_TOK ground_f_exp ground_f_exp CLOSE_PAREN
  101             | number
  102             | f_head
  103             | TOTAL_TIME_TOK
  104             | OPEN_PAREN TOTAL_TIME_TOK CLOSE_PAREN
  105             | OPEN_PAREN IS_VIOLATED_TOK NAME CLOSE_PAREN

  106 plus_ground_f_exp_plus: ground_f_exp
  107                       | plus_ground_f_exp_plus ground_f_exp

  108 mul_ground_f_exp_plus: ground_f_exp
  109                      | mul_ground_f_exp_plus ground_f_exp

  110 length_spec: OPEN_PAREN LENGTH_TOK ser_par CLOSE_PAREN

  111 ser_par: %empty
  112        | OPEN_PAREN SERIAL_TOK INTVAL CLOSE_PAREN
  113        | OPEN_PAREN PARALLEL_TOK INTVAL CLOSE_PAREN

  114 type: MINUS_TOK NAME

  115 either: MINUS_TOK OPEN_PAREN EITHER_TOK

  116 $@4: %empty

  117 $@5: %empty

  118 require_def: OPEN_PAREN REQUIREMENTS_TOK $@4 NAME $@5 require_key_star CLOSE_PAREN

  119 require_key_star: %empty

  120 $@6: %empty

  121 require_key_star: NAME $@6 require_key_star


Terminals, with rules where they appear

$end (0) 0
error (256)
DEFINE_TOK (258) 4
PROBLEM_TOK (259) 5
SITUATION_TOK (260)
BSITUATION_TOK (261)
OBJECTS_TOK (262) 15
BDOMAIN_TOK (263) 6
INIT_TOK (264) 17
GOAL_TOK (265) 24
AND_TOK (266) 27 35
NOT_TOK (267) 38 69 88
NAME (268) 5 6 29 66 74 76 77 79 80 81 86 92 105 114 118 121
VARIABLE (269) 75 83 84 85
EQUAL_TOK (270) 21 55 87
FORALL_TOK (271) 28 41
IMPLY_TOK (272) 39
OR_TOK (273) 37
EXISTS_TOK (274) 40
EITHER_TOK (275) 115
OPEN_PAREN (276) 4 5 6 15 17 21 22 24 25 27 28 29 30 35 37 38 39 40
    41 43 45 46 47 48 49 51 58 59 60 61 62 69 71 88 90 93 96 97 98
    99 100 104 105 110 112 113 115 118
CLOSE_PAREN (277) 4 5 6 15 17 21 22 24 25 27 28 29 30 35 37 38 39 40
    41 43 45 46 47 48 49 51 58 59 60 61 62 69 71 79 83 88 90 93 96
    97 98 99 100 104 105 110 112 113 118
CONSTRAINTS_TOK (278)
PREFERENCE_TOK (279) 29 30
WITHIN_TOK (280)
SOMETIME_TOK (281)
ALWAYS_TOK (282)
AT_MOST_ONCE_TOK (283)
SOMETIME_AFTER_TOK (284)
SOMETIME_BEFORE_TOK (285)
ALWAYS_WITHIN_TOK (286)
HOLD_DURING_TOK (287)
HOLD_AFTER_TOK (288)
IS_VIOLATED_TOK (289) 105
REQUIREMENTS_TOK (290) 118
GREATER_OR_EQUAL_TOK (291) 56
LESS_THAN_OR_EQUAL_TOK (292) 57
INTVAL (293) 64 112 113
FLOATVAL (294) 65
PLUS_TOK (295) 47 60 98
MINUS_TOK (296) 45 46 58 59 96 97 114 115
MUL_TOK (297) 48 61 99
DIV_TOK (298) 49 62 100
GREATER_TOK (299) 53
LESS_THAN_TOK (300) 54
METRIC_TOK (301) 93
MINIMIZE_TOK (302) 94
MAXIMIZE_TOK (303) 95
LENGTH_TOK (304) 110
SERIAL_TOK (305) 112
PARALLEL_TOK (306) 113
TOTAL_TIME_TOK (307) 103 104
AT_END_TOK (308)
AT_TOK (309) 22
UMINUS (310)


Nonterminals, with rules where they appear

$accept (56)
    左： 0
file (57)
    左： 1 2, 右： 0 2
problem_definition (58)
    左： 4, 右： 2
$@1 (59)
    左： 3, 右： 4
problem_name (60)
    左： 5, 右： 4
base_domain_name (61)
    左： 6, 右： 11
problem_defs (62)
    左： 7 8 9 10 11 12 13 14, 右： 4 8 9 10 11 12 13 14
objects_def (63)
    左： 15, 右： 8
init_def (64)
    左： 17, 右： 9
$@2 (65)
    左： 16, 右： 17
init_el_plus (66)
    左： 18 19, 右： 17 19
init_el (67)
    左： 20 21 22, 右： 18 19
goal_def (68)
    左： 24, 右： 10
$@3 (69)
    左： 23, 右： 24
pre_GD (70)
    左： 25 26 27 28, 右： 24 28 33
pref_GD (71)
    左： 29 30 31, 右： 26
pre_GD_star (72)
    左： 32 33, 右： 27 33
adl_goal_description (73)
    左： 34 35, 右： 29 30 38 39 40 41 68
adl_goal_description1 (74)
    左： 36 37 38 39 40 41 42, 右： 31 34
f_comp (75)
    左： 43, 右： 42
f_exp (76)
    左： 44 45 46 47 48 49 50, 右： 43 45 46 47 48 49
f_head (77)
    左： 51 52, 右： 21 50 102
binary_comp (78)
    左： 53 54 55 56 57, 右： 43
num_exp (79)
    左： 58 59 60 61 62 63, 右： 21 44 58 59 60 61 62
number (80)
    左： 64 65, 右： 63 101
function_symbol (81)
    左： 66, 右： 51 52
adl_goal_description_star (82)
    左： 67 68, 右： 35 37 68
literal_term (83)
    左： 69 70, 右： 36
atomic_formula_term (84)
    左： 71, 右： 69 70
term_star (85)
    左： 72 73, 右： 51 71 73
term (86)
    左： 74 75, 右： 73
name_plus (87)
    左： 76 77, 右： 77 79 83
typed_list_name (88)
    左： 78 79 80 81, 右： 15 79 80 81
typed_list_variable (89)
    左： 82 83 84 85, 右： 28 40 41 83 84 85
predicate (90)
    左： 86 87, 右： 71 90
literal_name (91)
    左： 88 89, 右： 20 22
atomic_formula_name (92)
    左： 90, 右： 88 89
name_star (93)
    左： 91 92, 右： 90 92
metric_spec (94)
    左： 93, 右： 14
optimization (95)
    左： 94 95, 右： 93
ground_f_exp (96)
    左： 96 97 98 99 100 101 102 103 104 105, 右： 93 96 97 98
    99 100 106 107 108 109
plus_ground_f_exp_plus (97)
    左： 106 107, 右： 98 107
mul_ground_f_exp_plus (98)
    左： 108 109, 右： 99 109
length_spec (99)
    左： 110, 右： 12
ser_par (100)
    左： 111 112 113, 右： 110
type (101)
    左： 114, 右： 80 84
either (102)
    左： 115, 右： 79 83
require_def (103)
    左： 118, 右： 13
$@4 (104)
    左： 116, 右： 118
$@5 (105)
    左： 117, 右： 118
require_key_star (106)
    左： 119 121, 右： 118 121
$@6 (107)
    左： 120, 右： 121


State 0

    0 $accept: . file $end

    OPEN_PAREN  shift, and go to state 1

    $default  reduce using rule 1 (file)

    file                转到状态 2
    problem_definition  转到状态 3


State 1

    4 problem_definition: OPEN_PAREN . DEFINE_TOK $@1 problem_name problem_defs CLOSE_PAREN

    DEFINE_TOK  shift, and go to state 4


State 2

    0 $accept: file . $end

    $end  shift, and go to state 5


State 3

    2 file: problem_definition . file

    OPEN_PAREN  shift, and go to state 1

    $default  reduce using rule 1 (file)

    file                转到状态 6
    problem_definition  转到状态 3


State 4

    4 problem_definition: OPEN_PAREN DEFINE_TOK . $@1 problem_name problem_defs CLOSE_PAREN

    $default  reduce using rule 3 ($@1)

    $@1  转到状态 7


State 5

    0 $accept: file $end .

    $default  接受


State 6

    2 file: problem_definition file .

    $default  reduce using rule 2 (file)


State 7

    4 problem_definition: OPEN_PAREN DEFINE_TOK $@1 . problem_name problem_defs CLOSE_PAREN

    OPEN_PAREN  shift, and go to state 8

    problem_name  转到状态 9


State 8

    5 problem_name: OPEN_PAREN . PROBLEM_TOK NAME CLOSE_PAREN

    PROBLEM_TOK  shift, and go to state 10


State 9

    4 problem_definition: OPEN_PAREN DEFINE_TOK $@1 problem_name . problem_defs CLOSE_PAREN

    $default  reduce using rule 7 (problem_defs)

    problem_defs  转到状态 11


State 10

    5 problem_name: OPEN_PAREN PROBLEM_TOK . NAME CLOSE_PAREN

    NAME  shift, and go to state 12


State 11

    4 problem_definition: OPEN_PAREN DEFINE_TOK $@1 problem_name problem_defs . CLOSE_PAREN
    8 problem_defs: problem_defs . objects_def
    9             | problem_defs . init_def
   10             | problem_defs . goal_def
   11             | problem_defs . base_domain_name
   12             | problem_defs . length_spec
   13             | problem_defs . require_def
   14             | problem_defs . metric_spec

    OPEN_PAREN   shift, and go to state 13
    CLOSE_PAREN  shift, and go to state 14

    base_domain_name  转到状态 15
    objects_def       转到状态 16
    init_def          转到状态 17
    goal_def          转到状态 18
    metric_spec       转到状态 19
    length_spec       转到状态 20
    require_def       转到状态 21


State 12

    5 problem_name: OPEN_PAREN PROBLEM_TOK NAME . CLOSE_PAREN

    CLOSE_PAREN  shift, and go to state 22


State 13

    6 base_domain_name: OPEN_PAREN . BDOMAIN_TOK NAME CLOSE_PAREN
   15 objects_def: OPEN_PAREN . OBJECTS_TOK typed_list_name CLOSE_PAREN
   17 init_def: OPEN_PAREN . INIT_TOK $@2 init_el_plus CLOSE_PAREN
   24 goal_def: OPEN_PAREN . GOAL_TOK $@3 pre_GD CLOSE_PAREN
   93 metric_spec: OPEN_PAREN . METRIC_TOK optimization ground_f_exp CLOSE_PAREN
  110 length_spec: OPEN_PAREN . LENGTH_TOK ser_par CLOSE_PAREN
  118 require_def: OPEN_PAREN . REQUIREMENTS_TOK $@4 NAME $@5 require_key_star CLOSE_PAREN

    OBJECTS_TOK       shift, and go to state 23
    BDOMAIN_TOK       shift, and go to state 24
    INIT_TOK          shift, and go to state 25
    GOAL_TOK          shift, and go to state 26
    REQUIREMENTS_TOK  shift, and go to state 27
    METRIC_TOK        shift, and go to state 28
    LENGTH_TOK        shift, and go to state 29


State 14

    4 problem_definition: OPEN_PAREN DEFINE_TOK $@1 problem_name problem_defs CLOSE_PAREN .

    $default  reduce using rule 4 (problem_definition)


State 15

   11 problem_defs: problem_defs base_domain_name .

    $default  reduce using rule 11 (problem_defs)


State 16

    8 problem_defs: problem_defs objects_def .

    $default  reduce using rule 8 (problem_defs)


State 17

    9 problem_defs: problem_defs init_def .

    $default  reduce using rule 9 (problem_defs)


State 18

   10 problem_defs: problem_defs goal_def .

    $default  reduce using rule 10 (problem_defs)


State 19

   14 problem_defs: problem_defs metric_spec .

    $default  reduce using rule 14 (problem_defs)


State 20

   12 problem_defs: problem_defs length_spec .

    $default  reduce using rule 12 (problem_defs)


State 21

   13 problem_defs: problem_defs require_def .

    $default  reduce using rule 13 (problem_defs)


State 22

    5 problem_name: OPEN_PAREN PROBLEM_TOK NAME CLOSE_PAREN .

    $default  reduce using rule 5 (problem_name)


State 23

   15 objects_def: OPEN_PAREN OBJECTS_TOK . typed_list_name CLOSE_PAREN

    NAME  shift, and go to state 30

    $default  reduce using rule 78 (typed_list_name)

    typed_list_name  转到状态 31


State 24

    6 base_domain_name: OPEN_PAREN BDOMAIN_TOK . NAME CLOSE_PAREN

    NAME  shift, and go to state 32


State 25

   17 init_def: OPEN_PAREN INIT_TOK . $@2 init_el_plus CLOSE_PAREN

    $default  reduce using rule 16 ($@2)

    $@2  转到状态 33


State 26

   24 goal_def: OPEN_PAREN GOAL_TOK . $@3 pre_GD CLOSE_PAREN

    $default  reduce using rule 23 ($@3)

    $@3  转到状态 34


State 27

  118 require_def: OPEN_PAREN REQUIREMENTS_TOK . $@4 NAME $@5 require_key_star CLOSE_PAREN

    $default  reduce using rule 116 ($@4)

    $@4  转到状态 35


State 28

   93 metric_spec: OPEN_PAREN METRIC_TOK . optimization ground_f_exp CLOSE_PAREN

    MINIMIZE_TOK  shift, and go to state 36
    MAXIMIZE_TOK  shift, and go to state 37

    optimization  转到状态 38


State 29

  110 length_spec: OPEN_PAREN LENGTH_TOK . ser_par CLOSE_PAREN

    OPEN_PAREN  shift, and go to state 39

    $default  reduce using rule 111 (ser_par)

    ser_par  转到状态 40


State 30

   79 typed_list_name: NAME . either name_plus CLOSE_PAREN typed_list_name
   80                | NAME . type typed_list_name
   81                | NAME . typed_list_name

    NAME       shift, and go to state 30
    MINUS_TOK  shift, and go to state 41

    $default  reduce using rule 78 (typed_list_name)

    typed_list_name  转到状态 42
    type             转到状态 43
    either           转到状态 44


State 31

   15 objects_def: OPEN_PAREN OBJECTS_TOK typed_list_name . CLOSE_PAREN

    CLOSE_PAREN  shift, and go to state 45


State 32

    6 base_domain_name: OPEN_PAREN BDOMAIN_TOK NAME . CLOSE_PAREN

    CLOSE_PAREN  shift, and go to state 46


State 33

   17 init_def: OPEN_PAREN INIT_TOK $@2 . init_el_plus CLOSE_PAREN

    OPEN_PAREN  shift, and go to state 47

    init_el_plus         转到状态 48
    init_el              转到状态 49
    literal_name         转到状态 50
    atomic_formula_name  转到状态 51


State 34

   24 goal_def: OPEN_PAREN GOAL_TOK $@3 . pre_GD CLOSE_PAREN

    OPEN_PAREN  shift, and go to state 52

    pre_GD                 转到状态 53
    pref_GD                转到状态 54
    adl_goal_description1  转到状态 55
    f_comp                 转到状态 56
    literal_term           转到状态 57
    atomic_formula_term    转到状态 58


State 35

  118 require_def: OPEN_PAREN REQUIREMENTS_TOK $@4 . NAME $@5 require_key_star CLOSE_PAREN

    NAME  shift, and go to state 59


State 36

   94 optimization: MINIMIZE_TOK .

    $default  reduce using rule 94 (optimization)


State 37

   95 optimization: MAXIMIZE_TOK .

    $default  reduce using rule 95 (optimization)


State 38

   93 metric_spec: OPEN_PAREN METRIC_TOK optimization . ground_f_exp CLOSE_PAREN

    NAME            shift, and go to state 60
    OPEN_PAREN      shift, and go to state 61
    INTVAL          shift, and go to state 62
    FLOATVAL        shift, and go to state 63
    TOTAL_TIME_TOK  shift, and go to state 64

    f_head           转到状态 65
    number           转到状态 66
    function_symbol  转到状态 67
    ground_f_exp     转到状态 68


State 39

  112 ser_par: OPEN_PAREN . SERIAL_TOK INTVAL CLOSE_PAREN
  113        | OPEN_PAREN . PARALLEL_TOK INTVAL CLOSE_PAREN

    SERIAL_TOK    shift, and go to state 69
    PARALLEL_TOK  shift, and go to state 70


State 40

  110 length_spec: OPEN_PAREN LENGTH_TOK ser_par . CLOSE_PAREN

    CLOSE_PAREN  shift, and go to state 71


State 41

  114 type: MINUS_TOK . NAME
  115 either: MINUS_TOK . OPEN_PAREN EITHER_TOK

    NAME        shift, and go to state 72
    OPEN_PAREN  shift, and go to state 73


State 42

   81 typed_list_name: NAME typed_list_name .

    $default  reduce using rule 81 (typed_list_name)


State 43

   80 typed_list_name: NAME type . typed_list_name

    NAME  shift, and go to state 30

    $default  reduce using rule 78 (typed_list_name)

    typed_list_name  转到状态 74


State 44

   79 typed_list_name: NAME either . name_plus CLOSE_PAREN typed_list_name

    NAME  shift, and go to state 75

    name_plus  转到状态 76


State 45

   15 objects_def: OPEN_PAREN OBJECTS_TOK typed_list_name CLOSE_PAREN .

    $default  reduce using rule 15 (objects_def)


State 46

    6 base_domain_name: OPEN_PAREN BDOMAIN_TOK NAME CLOSE_PAREN .

    $default  reduce using rule 6 (base_domain_name)


State 47

   21 init_el: OPEN_PAREN . EQUAL_TOK f_head num_exp CLOSE_PAREN
   22        | OPEN_PAREN . AT_TOK literal_name CLOSE_PAREN
   88 literal_name: OPEN_PAREN . NOT_TOK atomic_formula_name CLOSE_PAREN
   90 atomic_formula_name: OPEN_PAREN . predicate name_star CLOSE_PAREN

    NOT_TOK    shift, and go to state 77
    NAME       shift, and go to state 78
    EQUAL_TOK  shift, and go to state 79
    AT_TOK     shift, and go to state 80

    predicate  转到状态 81


State 48

   17 init_def: OPEN_PAREN INIT_TOK $@2 init_el_plus . CLOSE_PAREN

    CLOSE_PAREN  shift, and go to state 82


State 49

   18 init_el_plus: init_el .
   19             | init_el . init_el_plus

    OPEN_PAREN  shift, and go to state 47

    $default  reduce using rule 18 (init_el_plus)

    init_el_plus         转到状态 83
    init_el              转到状态 49
    literal_name         转到状态 50
    atomic_formula_name  转到状态 51


State 50

   20 init_el: literal_name .

    $default  reduce using rule 20 (init_el)


State 51

   89 literal_name: atomic_formula_name .

    $default  reduce using rule 89 (literal_name)


State 52

   25 pre_GD: OPEN_PAREN . CLOSE_PAREN
   27       | OPEN_PAREN . AND_TOK pre_GD_star CLOSE_PAREN
   28       | OPEN_PAREN . FORALL_TOK OPEN_PAREN typed_list_variable CLOSE_PAREN pre_GD CLOSE_PAREN
   29 pref_GD: OPEN_PAREN . PREFERENCE_TOK NAME adl_goal_description CLOSE_PAREN
   30        | OPEN_PAREN . PREFERENCE_TOK adl_goal_description CLOSE_PAREN
   37 adl_goal_description1: OPEN_PAREN . OR_TOK adl_goal_description_star CLOSE_PAREN
   38                      | OPEN_PAREN . NOT_TOK adl_goal_description CLOSE_PAREN
   39                      | OPEN_PAREN . IMPLY_TOK adl_goal_description adl_goal_description CLOSE_PAREN
   40                      | OPEN_PAREN . EXISTS_TOK OPEN_PAREN typed_list_variable CLOSE_PAREN adl_goal_description CLOSE_PAREN
   41                      | OPEN_PAREN . FORALL_TOK OPEN_PAREN typed_list_variable CLOSE_PAREN adl_goal_description CLOSE_PAREN
   43 f_comp: OPEN_PAREN . binary_comp f_exp f_exp CLOSE_PAREN
   69 literal_term: OPEN_PAREN . NOT_TOK atomic_formula_term CLOSE_PAREN
   71 atomic_formula_term: OPEN_PAREN . predicate term_star CLOSE_PAREN

    AND_TOK                 shift, and go to state 84
    NOT_TOK                 shift, and go to state 85
    NAME                    shift, and go to state 78
    EQUAL_TOK               shift, and go to state 86
    FORALL_TOK              shift, and go to state 87
    IMPLY_TOK               shift, and go to state 88
    OR_TOK                  shift, and go to state 89
    EXISTS_TOK              shift, and go to state 90
    CLOSE_PAREN             shift, and go to state 91
    PREFERENCE_TOK          shift, and go to state 92
    GREATER_OR_EQUAL_TOK    shift, and go to state 93
    LESS_THAN_OR_EQUAL_TOK  shift, and go to state 94
    GREATER_TOK             shift, and go to state 95
    LESS_THAN_TOK           shift, and go to state 96

    binary_comp  转到状态 97
    predicate    转到状态 98


State 53

   24 goal_def: OPEN_PAREN GOAL_TOK $@3 pre_GD . CLOSE_PAREN

    CLOSE_PAREN  shift, and go to state 99


State 54

   26 pre_GD: pref_GD .

    $default  reduce using rule 26 (pre_GD)


State 55

   31 pref_GD: adl_goal_description1 .

    $default  reduce using rule 31 (pref_GD)


State 56

   42 adl_goal_description1: f_comp .

    $default  reduce using rule 42 (adl_goal_description1)


State 57

   36 adl_goal_description1: literal_term .

    $default  reduce using rule 36 (adl_goal_description1)


State 58

   70 literal_term: atomic_formula_term .

    $default  reduce using rule 70 (literal_term)


State 59

  118 require_def: OPEN_PAREN REQUIREMENTS_TOK $@4 NAME . $@5 require_key_star CLOSE_PAREN

    $default  reduce using rule 117 ($@5)

    $@5  转到状态 100


State 60

   66 function_symbol: NAME .

    $default  reduce using rule 66 (function_symbol)


State 61

   51 f_head: OPEN_PAREN . function_symbol term_star CLOSE_PAREN
   96 ground_f_exp: OPEN_PAREN . MINUS_TOK ground_f_exp CLOSE_PAREN
   97             | OPEN_PAREN . MINUS_TOK ground_f_exp ground_f_exp CLOSE_PAREN
   98             | OPEN_PAREN . PLUS_TOK ground_f_exp plus_ground_f_exp_plus CLOSE_PAREN
   99             | OPEN_PAREN . MUL_TOK ground_f_exp mul_ground_f_exp_plus CLOSE_PAREN
  100             | OPEN_PAREN . DIV_TOK ground_f_exp ground_f_exp CLOSE_PAREN
  104             | OPEN_PAREN . TOTAL_TIME_TOK CLOSE_PAREN
  105             | OPEN_PAREN . IS_VIOLATED_TOK NAME CLOSE_PAREN

    NAME             shift, and go to state 60
    IS_VIOLATED_TOK  shift, and go to state 101
    PLUS_TOK         shift, and go to state 102
    MINUS_TOK        shift, and go to state 103
    MUL_TOK          shift, and go to state 104
    DIV_TOK          shift, and go to state 105
    TOTAL_TIME_TOK   shift, and go to state 106

    function_symbol  转到状态 107


State 62

   64 number: INTVAL .

    $default  reduce using rule 64 (number)


State 63

   65 number: FLOATVAL .

    $default  reduce using rule 65 (number)


State 64

  103 ground_f_exp: TOTAL_TIME_TOK .

    $default  reduce using rule 103 (ground_f_exp)


State 65

  102 ground_f_exp: f_head .

    $default  reduce using rule 102 (ground_f_exp)


State 66

  101 ground_f_exp: number .

    $default  reduce using rule 101 (ground_f_exp)


State 67

   52 f_head: function_symbol .

    $default  reduce using rule 52 (f_head)


State 68

   93 metric_spec: OPEN_PAREN METRIC_TOK optimization ground_f_exp . CLOSE_PAREN

    CLOSE_PAREN  shift, and go to state 108


State 69

  112 ser_par: OPEN_PAREN SERIAL_TOK . INTVAL CLOSE_PAREN

    INTVAL  shift, and go to state 109


State 70

  113 ser_par: OPEN_PAREN PARALLEL_TOK . INTVAL CLOSE_PAREN

    INTVAL  shift, and go to state 110


State 71

  110 length_spec: OPEN_PAREN LENGTH_TOK ser_par CLOSE_PAREN .

    $default  reduce using rule 110 (length_spec)


State 72

  114 type: MINUS_TOK NAME .

    $default  reduce using rule 114 (type)


State 73

  115 either: MINUS_TOK OPEN_PAREN . EITHER_TOK

    EITHER_TOK  shift, and go to state 111


State 74

   80 typed_list_name: NAME type typed_list_name .

    $default  reduce using rule 80 (typed_list_name)


State 75

   76 name_plus: NAME .
   77          | NAME . name_plus

    NAME  shift, and go to state 75

    $default  reduce using rule 76 (name_plus)

    name_plus  转到状态 112


State 76

   79 typed_list_name: NAME either name_plus . CLOSE_PAREN typed_list_name

    CLOSE_PAREN  shift, and go to state 113


State 77

   88 literal_name: OPEN_PAREN NOT_TOK . atomic_formula_name CLOSE_PAREN

    OPEN_PAREN  shift, and go to state 114

    atomic_formula_name  转到状态 115


State 78

   86 predicate: NAME .

    $default  reduce using rule 86 (predicate)


State 79

   21 init_el: OPEN_PAREN EQUAL_TOK . f_head num_exp CLOSE_PAREN
   87 predicate: EQUAL_TOK .

    NAME        shift, and go to state 60
    OPEN_PAREN  shift, and go to state 116

    NAME      [reduce using rule 87 (predicate)]
    $default  reduce using rule 87 (predicate)

    f_head           转到状态 117
    function_symbol  转到状态 67


State 80

   22 init_el: OPEN_PAREN AT_TOK . literal_name CLOSE_PAREN

    OPEN_PAREN  shift, and go to state 118

    literal_name         转到状态 119
    atomic_formula_name  转到状态 51


State 81

   90 atomic_formula_name: OPEN_PAREN predicate . name_star CLOSE_PAREN

    NAME  shift, and go to state 120

    $default  reduce using rule 91 (name_star)

    name_star  转到状态 121


State 82

   17 init_def: OPEN_PAREN INIT_TOK $@2 init_el_plus CLOSE_PAREN .

    $default  reduce using rule 17 (init_def)


State 83

   19 init_el_plus: init_el init_el_plus .

    $default  reduce using rule 19 (init_el_plus)


State 84

   27 pre_GD: OPEN_PAREN AND_TOK . pre_GD_star CLOSE_PAREN

    OPEN_PAREN  shift, and go to state 52

    $default  reduce using rule 32 (pre_GD_star)

    pre_GD                 转到状态 122
    pref_GD                转到状态 54
    pre_GD_star            转到状态 123
    adl_goal_description1  转到状态 55
    f_comp                 转到状态 56
    literal_term           转到状态 57
    atomic_formula_term    转到状态 58


State 85

   38 adl_goal_description1: OPEN_PAREN NOT_TOK . adl_goal_description CLOSE_PAREN
   69 literal_term: OPEN_PAREN NOT_TOK . atomic_formula_term CLOSE_PAREN

    OPEN_PAREN  shift, and go to state 124

    adl_goal_description   转到状态 125
    adl_goal_description1  转到状态 126
    f_comp                 转到状态 56
    literal_term           转到状态 57
    atomic_formula_term    转到状态 127


State 86

   55 binary_comp: EQUAL_TOK .
   87 predicate: EQUAL_TOK .

    NAME         reduce using rule 55 (binary_comp)
    NAME         [reduce using rule 87 (predicate)]
    VARIABLE     reduce using rule 87 (predicate)
    CLOSE_PAREN  reduce using rule 87 (predicate)
    $default     reduce using rule 55 (binary_comp)


State 87

   28 pre_GD: OPEN_PAREN FORALL_TOK . OPEN_PAREN typed_list_variable CLOSE_PAREN pre_GD CLOSE_PAREN
   41 adl_goal_description1: OPEN_PAREN FORALL_TOK . OPEN_PAREN typed_list_variable CLOSE_PAREN adl_goal_description CLOSE_PAREN

    OPEN_PAREN  shift, and go to state 128


State 88

   39 adl_goal_description1: OPEN_PAREN IMPLY_TOK . adl_goal_description adl_goal_description CLOSE_PAREN

    OPEN_PAREN  shift, and go to state 124

    adl_goal_description   转到状态 129
    adl_goal_description1  转到状态 126
    f_comp                 转到状态 56
    literal_term           转到状态 57
    atomic_formula_term    转到状态 58


State 89

   37 adl_goal_description1: OPEN_PAREN OR_TOK . adl_goal_description_star CLOSE_PAREN

    OPEN_PAREN  shift, and go to state 124

    $default  reduce using rule 67 (adl_goal_description_star)

    adl_goal_description       转到状态 130
    adl_goal_description1      转到状态 126
    f_comp                     转到状态 56
    adl_goal_description_star  转到状态 131
    literal_term               转到状态 57
    atomic_formula_term        转到状态 58


State 90

   40 adl_goal_description1: OPEN_PAREN EXISTS_TOK . OPEN_PAREN typed_list_variable CLOSE_PAREN adl_goal_description CLOSE_PAREN

    OPEN_PAREN  shift, and go to state 132


State 91

   25 pre_GD: OPEN_PAREN CLOSE_PAREN .

    $default  reduce using rule 25 (pre_GD)


State 92

   29 pref_GD: OPEN_PAREN PREFERENCE_TOK . NAME adl_goal_description CLOSE_PAREN
   30        | OPEN_PAREN PREFERENCE_TOK . adl_goal_description CLOSE_PAREN

    NAME        shift, and go to state 133
    OPEN_PAREN  shift, and go to state 124

    adl_goal_description   转到状态 134
    adl_goal_description1  转到状态 126
    f_comp                 转到状态 56
    literal_term           转到状态 57
    atomic_formula_term    转到状态 58


State 93

   56 binary_comp: GREATER_OR_EQUAL_TOK .

    $default  reduce using rule 56 (binary_comp)


State 94

   57 binary_comp: LESS_THAN_OR_EQUAL_TOK .

    $default  reduce using rule 57 (binary_comp)


State 95

   53 binary_comp: GREATER_TOK .

    $default  reduce using rule 53 (binary_comp)


State 96

   54 binary_comp: LESS_THAN_TOK .

    $default  reduce using rule 54 (binary_comp)


State 97

   43 f_comp: OPEN_PAREN binary_comp . f_exp f_exp CLOSE_PAREN

    NAME        shift, and go to state 60
    OPEN_PAREN  shift, and go to state 135
    INTVAL      shift, and go to state 62
    FLOATVAL    shift, and go to state 63

    f_exp            转到状态 136
    f_head           转到状态 137
    num_exp          转到状态 138
    number           转到状态 139
    function_symbol  转到状态 67


State 98

   71 atomic_formula_term: OPEN_PAREN predicate . term_star CLOSE_PAREN

    NAME      shift, and go to state 140
    VARIABLE  shift, and go to state 141

    $default  reduce using rule 72 (term_star)

    term_star  转到状态 142
    term       转到状态 143


State 99

   24 goal_def: OPEN_PAREN GOAL_TOK $@3 pre_GD CLOSE_PAREN .

    $default  reduce using rule 24 (goal_def)


State 100

  118 require_def: OPEN_PAREN REQUIREMENTS_TOK $@4 NAME $@5 . require_key_star CLOSE_PAREN

    NAME  shift, and go to state 144

    $default  reduce using rule 119 (require_key_star)

    require_key_star  转到状态 145


State 101

  105 ground_f_exp: OPEN_PAREN IS_VIOLATED_TOK . NAME CLOSE_PAREN

    NAME  shift, and go to state 146


State 102

   98 ground_f_exp: OPEN_PAREN PLUS_TOK . ground_f_exp plus_ground_f_exp_plus CLOSE_PAREN

    NAME            shift, and go to state 60
    OPEN_PAREN      shift, and go to state 61
    INTVAL          shift, and go to state 62
    FLOATVAL        shift, and go to state 63
    TOTAL_TIME_TOK  shift, and go to state 64

    f_head           转到状态 65
    number           转到状态 66
    function_symbol  转到状态 67
    ground_f_exp     转到状态 147


State 103

   96 ground_f_exp: OPEN_PAREN MINUS_TOK . ground_f_exp CLOSE_PAREN
   97             | OPEN_PAREN MINUS_TOK . ground_f_exp ground_f_exp CLOSE_PAREN

    NAME            shift, and go to state 60
    OPEN_PAREN      shift, and go to state 61
    INTVAL          shift, and go to state 62
    FLOATVAL        shift, and go to state 63
    TOTAL_TIME_TOK  shift, and go to state 64

    f_head           转到状态 65
    number           转到状态 66
    function_symbol  转到状态 67
    ground_f_exp     转到状态 148


State 104

   99 ground_f_exp: OPEN_PAREN MUL_TOK . ground_f_exp mul_ground_f_exp_plus CLOSE_PAREN

    NAME            shift, and go to state 60
    OPEN_PAREN      shift, and go to state 61
    INTVAL          shift, and go to state 62
    FLOATVAL        shift, and go to state 63
    TOTAL_TIME_TOK  shift, and go to state 64

    f_head           转到状态 65
    number           转到状态 66
    function_symbol  转到状态 67
    ground_f_exp     转到状态 149


State 105

  100 ground_f_exp: OPEN_PAREN DIV_TOK . ground_f_exp ground_f_exp CLOSE_PAREN

    NAME            shift, and go to state 60
    OPEN_PAREN      shift, and go to state 61
    INTVAL          shift, and go to state 62
    FLOATVAL        shift, and go to state 63
    TOTAL_TIME_TOK  shift, and go to state 64

    f_head           转到状态 65
    number           转到状态 66
    function_symbol  转到状态 67
    ground_f_exp     转到状态 150


State 106

  104 ground_f_exp: OPEN_PAREN TOTAL_TIME_TOK . CLOSE_PAREN

    CLOSE_PAREN  shift, and go to state 151


State 107

   51 f_head: OPEN_PAREN function_symbol . term_star CLOSE_PAREN

    NAME      shift, and go to state 140
    VARIABLE  shift, and go to state 141

    $default  reduce using rule 72 (term_star)

    term_star  转到状态 152
    term       转到状态 143


State 108

   93 metric_spec: OPEN_PAREN METRIC_TOK optimization ground_f_exp CLOSE_PAREN .

    $default  reduce using rule 93 (metric_spec)


State 109

  112 ser_par: OPEN_PAREN SERIAL_TOK INTVAL . CLOSE_PAREN

    CLOSE_PAREN  shift, and go to state 153


State 110

  113 ser_par: OPEN_PAREN PARALLEL_TOK INTVAL . CLOSE_PAREN

    CLOSE_PAREN  shift, and go to state 154


State 111

  115 either: MINUS_TOK OPEN_PAREN EITHER_TOK .

    $default  reduce using rule 115 (either)


State 112

   77 name_plus: NAME name_plus .

    $default  reduce using rule 77 (name_plus)


State 113

   79 typed_list_name: NAME either name_plus CLOSE_PAREN . typed_list_name

    NAME  shift, and go to state 30

    $default  reduce using rule 78 (typed_list_name)

    typed_list_name  转到状态 155


State 114

   90 atomic_formula_name: OPEN_PAREN . predicate name_star CLOSE_PAREN

    NAME       shift, and go to state 78
    EQUAL_TOK  shift, and go to state 156

    predicate  转到状态 81


State 115

   88 literal_name: OPEN_PAREN NOT_TOK atomic_formula_name . CLOSE_PAREN

    CLOSE_PAREN  shift, and go to state 157


State 116

   51 f_head: OPEN_PAREN . function_symbol term_star CLOSE_PAREN

    NAME  shift, and go to state 60

    function_symbol  转到状态 107


State 117

   21 init_el: OPEN_PAREN EQUAL_TOK f_head . num_exp CLOSE_PAREN

    OPEN_PAREN  shift, and go to state 158
    INTVAL      shift, and go to state 62
    FLOATVAL    shift, and go to state 63

    num_exp  转到状态 159
    number   转到状态 139


State 118

   88 literal_name: OPEN_PAREN . NOT_TOK atomic_formula_name CLOSE_PAREN
   90 atomic_formula_name: OPEN_PAREN . predicate name_star CLOSE_PAREN

    NOT_TOK    shift, and go to state 77
    NAME       shift, and go to state 78
    EQUAL_TOK  shift, and go to state 156

    predicate  转到状态 81


State 119

   22 init_el: OPEN_PAREN AT_TOK literal_name . CLOSE_PAREN

    CLOSE_PAREN  shift, and go to state 160


State 120

   92 name_star: NAME . name_star

    NAME  shift, and go to state 120

    $default  reduce using rule 91 (name_star)

    name_star  转到状态 161


State 121

   90 atomic_formula_name: OPEN_PAREN predicate name_star . CLOSE_PAREN

    CLOSE_PAREN  shift, and go to state 162


State 122

   33 pre_GD_star: pre_GD . pre_GD_star

    OPEN_PAREN  shift, and go to state 52

    $default  reduce using rule 32 (pre_GD_star)

    pre_GD                 转到状态 122
    pref_GD                转到状态 54
    pre_GD_star            转到状态 163
    adl_goal_description1  转到状态 55
    f_comp                 转到状态 56
    literal_term           转到状态 57
    atomic_formula_term    转到状态 58


State 123

   27 pre_GD: OPEN_PAREN AND_TOK pre_GD_star . CLOSE_PAREN

    CLOSE_PAREN  shift, and go to state 164


State 124

   35 adl_goal_description: OPEN_PAREN . AND_TOK adl_goal_description_star CLOSE_PAREN
   37 adl_goal_description1: OPEN_PAREN . OR_TOK adl_goal_description_star CLOSE_PAREN
   38                      | OPEN_PAREN . NOT_TOK adl_goal_description CLOSE_PAREN
   39                      | OPEN_PAREN . IMPLY_TOK adl_goal_description adl_goal_description CLOSE_PAREN
   40                      | OPEN_PAREN . EXISTS_TOK OPEN_PAREN typed_list_variable CLOSE_PAREN adl_goal_description CLOSE_PAREN
   41                      | OPEN_PAREN . FORALL_TOK OPEN_PAREN typed_list_variable CLOSE_PAREN adl_goal_description CLOSE_PAREN
   43 f_comp: OPEN_PAREN . binary_comp f_exp f_exp CLOSE_PAREN
   69 literal_term: OPEN_PAREN . NOT_TOK atomic_formula_term CLOSE_PAREN
   71 atomic_formula_term: OPEN_PAREN . predicate term_star CLOSE_PAREN

    AND_TOK                 shift, and go to state 165
    NOT_TOK                 shift, and go to state 85
    NAME                    shift, and go to state 78
    EQUAL_TOK               shift, and go to state 86
    FORALL_TOK              shift, and go to state 166
    IMPLY_TOK               shift, and go to state 88
    OR_TOK                  shift, and go to state 89
    EXISTS_TOK              shift, and go to state 90
    GREATER_OR_EQUAL_TOK    shift, and go to state 93
    LESS_THAN_OR_EQUAL_TOK  shift, and go to state 94
    GREATER_TOK             shift, and go to state 95
    LESS_THAN_TOK           shift, and go to state 96

    binary_comp  转到状态 97
    predicate    转到状态 98


State 125

   38 adl_goal_description1: OPEN_PAREN NOT_TOK adl_goal_description . CLOSE_PAREN

    CLOSE_PAREN  shift, and go to state 167


State 126

   34 adl_goal_description: adl_goal_description1 .

    $default  reduce using rule 34 (adl_goal_description)


State 127

   69 literal_term: OPEN_PAREN NOT_TOK atomic_formula_term . CLOSE_PAREN
   70             | atomic_formula_term .

    CLOSE_PAREN  shift, and go to state 168

    CLOSE_PAREN  [reduce using rule 70 (literal_term)]


State 128

   28 pre_GD: OPEN_PAREN FORALL_TOK OPEN_PAREN . typed_list_variable CLOSE_PAREN pre_GD CLOSE_PAREN
   41 adl_goal_description1: OPEN_PAREN FORALL_TOK OPEN_PAREN . typed_list_variable CLOSE_PAREN adl_goal_description CLOSE_PAREN

    VARIABLE  shift, and go to state 169

    $default  reduce using rule 82 (typed_list_variable)

    typed_list_variable  转到状态 170


State 129

   39 adl_goal_description1: OPEN_PAREN IMPLY_TOK adl_goal_description . adl_goal_description CLOSE_PAREN

    OPEN_PAREN  shift, and go to state 124

    adl_goal_description   转到状态 171
    adl_goal_description1  转到状态 126
    f_comp                 转到状态 56
    literal_term           转到状态 57
    atomic_formula_term    转到状态 58


State 130

   68 adl_goal_description_star: adl_goal_description . adl_goal_description_star

    OPEN_PAREN  shift, and go to state 124

    $default  reduce using rule 67 (adl_goal_description_star)

    adl_goal_description       转到状态 130
    adl_goal_description1      转到状态 126
    f_comp                     转到状态 56
    adl_goal_description_star  转到状态 172
    literal_term               转到状态 57
    atomic_formula_term        转到状态 58


State 131

   37 adl_goal_description1: OPEN_PAREN OR_TOK adl_goal_description_star . CLOSE_PAREN

    CLOSE_PAREN  shift, and go to state 173


State 132

   40 adl_goal_description1: OPEN_PAREN EXISTS_TOK OPEN_PAREN . typed_list_variable CLOSE_PAREN adl_goal_description CLOSE_PAREN

    VARIABLE  shift, and go to state 169

    $default  reduce using rule 82 (typed_list_variable)

    typed_list_variable  转到状态 174


State 133

   29 pref_GD: OPEN_PAREN PREFERENCE_TOK NAME . adl_goal_description CLOSE_PAREN

    OPEN_PAREN  shift, and go to state 124

    adl_goal_description   转到状态 175
    adl_goal_description1  转到状态 126
    f_comp                 转到状态 56
    literal_term           转到状态 57
    atomic_formula_term    转到状态 58


State 134

   30 pref_GD: OPEN_PAREN PREFERENCE_TOK adl_goal_description . CLOSE_PAREN

    CLOSE_PAREN  shift, and go to state 176


State 135

   45 f_exp: OPEN_PAREN . MINUS_TOK f_exp CLOSE_PAREN
   46      | OPEN_PAREN . MINUS_TOK f_exp f_exp CLOSE_PAREN
   47      | OPEN_PAREN . PLUS_TOK f_exp f_exp CLOSE_PAREN
   48      | OPEN_PAREN . MUL_TOK f_exp f_exp CLOSE_PAREN
   49      | OPEN_PAREN . DIV_TOK f_exp f_exp CLOSE_PAREN
   51 f_head: OPEN_PAREN . function_symbol term_star CLOSE_PAREN
   58 num_exp: OPEN_PAREN . MINUS_TOK num_exp CLOSE_PAREN
   59        | OPEN_PAREN . MINUS_TOK num_exp num_exp CLOSE_PAREN
   60        | OPEN_PAREN . PLUS_TOK num_exp num_exp CLOSE_PAREN
   61        | OPEN_PAREN . MUL_TOK num_exp num_exp CLOSE_PAREN
   62        | OPEN_PAREN . DIV_TOK num_exp num_exp CLOSE_PAREN

    NAME       shift, and go to state 60
    PLUS_TOK   shift, and go to state 177
    MINUS_TOK  shift, and go to state 178
    MUL_TOK    shift, and go to state 179
    DIV_TOK    shift, and go to state 180

    function_symbol  转到状态 107


State 136

   43 f_comp: OPEN_PAREN binary_comp f_exp . f_exp CLOSE_PAREN

    NAME        shift, and go to state 60
    OPEN_PAREN  shift, and go to state 135
    INTVAL      shift, and go to state 62
    FLOATVAL    shift, and go to state 63

    f_exp            转到状态 181
    f_head           转到状态 137
    num_exp          转到状态 138
    number           转到状态 139
    function_symbol  转到状态 67


State 137

   50 f_exp: f_head .

    $default  reduce using rule 50 (f_exp)


State 138

   44 f_exp: num_exp .

    $default  reduce using rule 44 (f_exp)


State 139

   63 num_exp: number .

    $default  reduce using rule 63 (num_exp)


State 140

   74 term: NAME .

    $default  reduce using rule 74 (term)


State 141

   75 term: VARIABLE .

    $default  reduce using rule 75 (term)


State 142

   71 atomic_formula_term: OPEN_PAREN predicate term_star . CLOSE_PAREN

    CLOSE_PAREN  shift, and go to state 182


State 143

   73 term_star: term . term_star

    NAME      shift, and go to state 140
    VARIABLE  shift, and go to state 141

    $default  reduce using rule 72 (term_star)

    term_star  转到状态 183
    term       转到状态 143


State 144

  121 require_key_star: NAME . $@6 require_key_star

    $default  reduce using rule 120 ($@6)

    $@6  转到状态 184


State 145

  118 require_def: OPEN_PAREN REQUIREMENTS_TOK $@4 NAME $@5 require_key_star . CLOSE_PAREN

    CLOSE_PAREN  shift, and go to state 185


State 146

  105 ground_f_exp: OPEN_PAREN IS_VIOLATED_TOK NAME . CLOSE_PAREN

    CLOSE_PAREN  shift, and go to state 186


State 147

   98 ground_f_exp: OPEN_PAREN PLUS_TOK ground_f_exp . plus_ground_f_exp_plus CLOSE_PAREN

    NAME            shift, and go to state 60
    OPEN_PAREN      shift, and go to state 61
    INTVAL          shift, and go to state 62
    FLOATVAL        shift, and go to state 63
    TOTAL_TIME_TOK  shift, and go to state 64

    f_head                  转到状态 65
    number                  转到状态 66
    function_symbol         转到状态 67
    ground_f_exp            转到状态 187
    plus_ground_f_exp_plus  转到状态 188


State 148

   96 ground_f_exp: OPEN_PAREN MINUS_TOK ground_f_exp . CLOSE_PAREN
   97             | OPEN_PAREN MINUS_TOK ground_f_exp . ground_f_exp CLOSE_PAREN

    NAME            shift, and go to state 60
    OPEN_PAREN      shift, and go to state 61
    CLOSE_PAREN     shift, and go to state 189
    INTVAL          shift, and go to state 62
    FLOATVAL        shift, and go to state 63
    TOTAL_TIME_TOK  shift, and go to state 64

    f_head           转到状态 65
    number           转到状态 66
    function_symbol  转到状态 67
    ground_f_exp     转到状态 190


State 149

   99 ground_f_exp: OPEN_PAREN MUL_TOK ground_f_exp . mul_ground_f_exp_plus CLOSE_PAREN

    NAME            shift, and go to state 60
    OPEN_PAREN      shift, and go to state 61
    INTVAL          shift, and go to state 62
    FLOATVAL        shift, and go to state 63
    TOTAL_TIME_TOK  shift, and go to state 64

    f_head                 转到状态 65
    number                 转到状态 66
    function_symbol        转到状态 67
    ground_f_exp           转到状态 191
    mul_ground_f_exp_plus  转到状态 192


State 150

  100 ground_f_exp: OPEN_PAREN DIV_TOK ground_f_exp . ground_f_exp CLOSE_PAREN

    NAME            shift, and go to state 60
    OPEN_PAREN      shift, and go to state 61
    INTVAL          shift, and go to state 62
    FLOATVAL        shift, and go to state 63
    TOTAL_TIME_TOK  shift, and go to state 64

    f_head           转到状态 65
    number           转到状态 66
    function_symbol  转到状态 67
    ground_f_exp     转到状态 193


State 151

  104 ground_f_exp: OPEN_PAREN TOTAL_TIME_TOK CLOSE_PAREN .

    $default  reduce using rule 104 (ground_f_exp)


State 152

   51 f_head: OPEN_PAREN function_symbol term_star . CLOSE_PAREN

    CLOSE_PAREN  shift, and go to state 194


State 153

  112 ser_par: OPEN_PAREN SERIAL_TOK INTVAL CLOSE_PAREN .

    $default  reduce using rule 112 (ser_par)


State 154

  113 ser_par: OPEN_PAREN PARALLEL_TOK INTVAL CLOSE_PAREN .

    $default  reduce using rule 113 (ser_par)


State 155

   79 typed_list_name: NAME either name_plus CLOSE_PAREN typed_list_name .

    $default  reduce using rule 79 (typed_list_name)


State 156

   87 predicate: EQUAL_TOK .

    $default  reduce using rule 87 (predicate)


State 157

   88 literal_name: OPEN_PAREN NOT_TOK atomic_formula_name CLOSE_PAREN .

    $default  reduce using rule 88 (literal_name)


State 158

   58 num_exp: OPEN_PAREN . MINUS_TOK num_exp CLOSE_PAREN
   59        | OPEN_PAREN . MINUS_TOK num_exp num_exp CLOSE_PAREN
   60        | OPEN_PAREN . PLUS_TOK num_exp num_exp CLOSE_PAREN
   61        | OPEN_PAREN . MUL_TOK num_exp num_exp CLOSE_PAREN
   62        | OPEN_PAREN . DIV_TOK num_exp num_exp CLOSE_PAREN

    PLUS_TOK   shift, and go to state 195
    MINUS_TOK  shift, and go to state 196
    MUL_TOK    shift, and go to state 197
    DIV_TOK    shift, and go to state 198


State 159

   21 init_el: OPEN_PAREN EQUAL_TOK f_head num_exp . CLOSE_PAREN

    CLOSE_PAREN  shift, and go to state 199


State 160

   22 init_el: OPEN_PAREN AT_TOK literal_name CLOSE_PAREN .

    $default  reduce using rule 22 (init_el)


State 161

   92 name_star: NAME name_star .

    $default  reduce using rule 92 (name_star)


State 162

   90 atomic_formula_name: OPEN_PAREN predicate name_star CLOSE_PAREN .

    $default  reduce using rule 90 (atomic_formula_name)


State 163

   33 pre_GD_star: pre_GD pre_GD_star .

    $default  reduce using rule 33 (pre_GD_star)


State 164

   27 pre_GD: OPEN_PAREN AND_TOK pre_GD_star CLOSE_PAREN .

    $default  reduce using rule 27 (pre_GD)


State 165

   35 adl_goal_description: OPEN_PAREN AND_TOK . adl_goal_description_star CLOSE_PAREN

    OPEN_PAREN  shift, and go to state 124

    $default  reduce using rule 67 (adl_goal_description_star)

    adl_goal_description       转到状态 130
    adl_goal_description1      转到状态 126
    f_comp                     转到状态 56
    adl_goal_description_star  转到状态 200
    literal_term               转到状态 57
    atomic_formula_term        转到状态 58


State 166

   41 adl_goal_description1: OPEN_PAREN FORALL_TOK . OPEN_PAREN typed_list_variable CLOSE_PAREN adl_goal_description CLOSE_PAREN

    OPEN_PAREN  shift, and go to state 201


State 167

   38 adl_goal_description1: OPEN_PAREN NOT_TOK adl_goal_description CLOSE_PAREN .

    $default  reduce using rule 38 (adl_goal_description1)


State 168

   69 literal_term: OPEN_PAREN NOT_TOK atomic_formula_term CLOSE_PAREN .

    $default  reduce using rule 69 (literal_term)


State 169

   83 typed_list_variable: VARIABLE . either name_plus CLOSE_PAREN typed_list_variable
   84                    | VARIABLE . type typed_list_variable
   85                    | VARIABLE . typed_list_variable

    VARIABLE   shift, and go to state 169
    MINUS_TOK  shift, and go to state 41

    $default  reduce using rule 82 (typed_list_variable)

    typed_list_variable  转到状态 202
    type                 转到状态 203
    either               转到状态 204


State 170

   28 pre_GD: OPEN_PAREN FORALL_TOK OPEN_PAREN typed_list_variable . CLOSE_PAREN pre_GD CLOSE_PAREN
   41 adl_goal_description1: OPEN_PAREN FORALL_TOK OPEN_PAREN typed_list_variable . CLOSE_PAREN adl_goal_description CLOSE_PAREN

    CLOSE_PAREN  shift, and go to state 205


State 171

   39 adl_goal_description1: OPEN_PAREN IMPLY_TOK adl_goal_description adl_goal_description . CLOSE_PAREN

    CLOSE_PAREN  shift, and go to state 206


State 172

   68 adl_goal_description_star: adl_goal_description adl_goal_description_star .

    $default  reduce using rule 68 (adl_goal_description_star)


State 173

   37 adl_goal_description1: OPEN_PAREN OR_TOK adl_goal_description_star CLOSE_PAREN .

    $default  reduce using rule 37 (adl_goal_description1)


State 174

   40 adl_goal_description1: OPEN_PAREN EXISTS_TOK OPEN_PAREN typed_list_variable . CLOSE_PAREN adl_goal_description CLOSE_PAREN

    CLOSE_PAREN  shift, and go to state 207


State 175

   29 pref_GD: OPEN_PAREN PREFERENCE_TOK NAME adl_goal_description . CLOSE_PAREN

    CLOSE_PAREN  shift, and go to state 208


State 176

   30 pref_GD: OPEN_PAREN PREFERENCE_TOK adl_goal_description CLOSE_PAREN .

    $default  reduce using rule 30 (pref_GD)


State 177

   47 f_exp: OPEN_PAREN PLUS_TOK . f_exp f_exp CLOSE_PAREN
   60 num_exp: OPEN_PAREN PLUS_TOK . num_exp num_exp CLOSE_PAREN

    NAME        shift, and go to state 60
    OPEN_PAREN  shift, and go to state 135
    INTVAL      shift, and go to state 62
    FLOATVAL    shift, and go to state 63

    f_exp            转到状态 209
    f_head           转到状态 137
    num_exp          转到状态 210
    number           转到状态 139
    function_symbol  转到状态 67


State 178

   45 f_exp: OPEN_PAREN MINUS_TOK . f_exp CLOSE_PAREN
   46      | OPEN_PAREN MINUS_TOK . f_exp f_exp CLOSE_PAREN
   58 num_exp: OPEN_PAREN MINUS_TOK . num_exp CLOSE_PAREN
   59        | OPEN_PAREN MINUS_TOK . num_exp num_exp CLOSE_PAREN

    NAME        shift, and go to state 60
    OPEN_PAREN  shift, and go to state 135
    INTVAL      shift, and go to state 62
    FLOATVAL    shift, and go to state 63

    f_exp            转到状态 211
    f_head           转到状态 137
    num_exp          转到状态 212
    number           转到状态 139
    function_symbol  转到状态 67


State 179

   48 f_exp: OPEN_PAREN MUL_TOK . f_exp f_exp CLOSE_PAREN
   61 num_exp: OPEN_PAREN MUL_TOK . num_exp num_exp CLOSE_PAREN

    NAME        shift, and go to state 60
    OPEN_PAREN  shift, and go to state 135
    INTVAL      shift, and go to state 62
    FLOATVAL    shift, and go to state 63

    f_exp            转到状态 213
    f_head           转到状态 137
    num_exp          转到状态 214
    number           转到状态 139
    function_symbol  转到状态 67


State 180

   49 f_exp: OPEN_PAREN DIV_TOK . f_exp f_exp CLOSE_PAREN
   62 num_exp: OPEN_PAREN DIV_TOK . num_exp num_exp CLOSE_PAREN

    NAME        shift, and go to state 60
    OPEN_PAREN  shift, and go to state 135
    INTVAL      shift, and go to state 62
    FLOATVAL    shift, and go to state 63

    f_exp            转到状态 215
    f_head           转到状态 137
    num_exp          转到状态 216
    number           转到状态 139
    function_symbol  转到状态 67


State 181

   43 f_comp: OPEN_PAREN binary_comp f_exp f_exp . CLOSE_PAREN

    CLOSE_PAREN  shift, and go to state 217


State 182

   71 atomic_formula_term: OPEN_PAREN predicate term_star CLOSE_PAREN .

    $default  reduce using rule 71 (atomic_formula_term)


State 183

   73 term_star: term term_star .

    $default  reduce using rule 73 (term_star)


State 184

  121 require_key_star: NAME $@6 . require_key_star

    NAME  shift, and go to state 144

    $default  reduce using rule 119 (require_key_star)

    require_key_star  转到状态 218


State 185

  118 require_def: OPEN_PAREN REQUIREMENTS_TOK $@4 NAME $@5 require_key_star CLOSE_PAREN .

    $default  reduce using rule 118 (require_def)


State 186

  105 ground_f_exp: OPEN_PAREN IS_VIOLATED_TOK NAME CLOSE_PAREN .

    $default  reduce using rule 105 (ground_f_exp)


State 187

  106 plus_ground_f_exp_plus: ground_f_exp .

    $default  reduce using rule 106 (plus_ground_f_exp_plus)


State 188

   98 ground_f_exp: OPEN_PAREN PLUS_TOK ground_f_exp plus_ground_f_exp_plus . CLOSE_PAREN
  107 plus_ground_f_exp_plus: plus_ground_f_exp_plus . ground_f_exp

    NAME            shift, and go to state 60
    OPEN_PAREN      shift, and go to state 61
    CLOSE_PAREN     shift, and go to state 219
    INTVAL          shift, and go to state 62
    FLOATVAL        shift, and go to state 63
    TOTAL_TIME_TOK  shift, and go to state 64

    f_head           转到状态 65
    number           转到状态 66
    function_symbol  转到状态 67
    ground_f_exp     转到状态 220


State 189

   96 ground_f_exp: OPEN_PAREN MINUS_TOK ground_f_exp CLOSE_PAREN .

    $default  reduce using rule 96 (ground_f_exp)


State 190

   97 ground_f_exp: OPEN_PAREN MINUS_TOK ground_f_exp ground_f_exp . CLOSE_PAREN

    CLOSE_PAREN  shift, and go to state 221


State 191

  108 mul_ground_f_exp_plus: ground_f_exp .

    $default  reduce using rule 108 (mul_ground_f_exp_plus)


State 192

   99 ground_f_exp: OPEN_PAREN MUL_TOK ground_f_exp mul_ground_f_exp_plus . CLOSE_PAREN
  109 mul_ground_f_exp_plus: mul_ground_f_exp_plus . ground_f_exp

    NAME            shift, and go to state 60
    OPEN_PAREN      shift, and go to state 61
    CLOSE_PAREN     shift, and go to state 222
    INTVAL          shift, and go to state 62
    FLOATVAL        shift, and go to state 63
    TOTAL_TIME_TOK  shift, and go to state 64

    f_head           转到状态 65
    number           转到状态 66
    function_symbol  转到状态 67
    ground_f_exp     转到状态 223


State 193

  100 ground_f_exp: OPEN_PAREN DIV_TOK ground_f_exp ground_f_exp . CLOSE_PAREN

    CLOSE_PAREN  shift, and go to state 224


State 194

   51 f_head: OPEN_PAREN function_symbol term_star CLOSE_PAREN .

    $default  reduce using rule 51 (f_head)


State 195

   60 num_exp: OPEN_PAREN PLUS_TOK . num_exp num_exp CLOSE_PAREN

    OPEN_PAREN  shift, and go to state 158
    INTVAL      shift, and go to state 62
    FLOATVAL    shift, and go to state 63

    num_exp  转到状态 225
    number   转到状态 139


State 196

   58 num_exp: OPEN_PAREN MINUS_TOK . num_exp CLOSE_PAREN
   59        | OPEN_PAREN MINUS_TOK . num_exp num_exp CLOSE_PAREN

    OPEN_PAREN  shift, and go to state 158
    INTVAL      shift, and go to state 62
    FLOATVAL    shift, and go to state 63

    num_exp  转到状态 226
    number   转到状态 139


State 197

   61 num_exp: OPEN_PAREN MUL_TOK . num_exp num_exp CLOSE_PAREN

    OPEN_PAREN  shift, and go to state 158
    INTVAL      shift, and go to state 62
    FLOATVAL    shift, and go to state 63

    num_exp  转到状态 227
    number   转到状态 139


State 198

   62 num_exp: OPEN_PAREN DIV_TOK . num_exp num_exp CLOSE_PAREN

    OPEN_PAREN  shift, and go to state 158
    INTVAL      shift, and go to state 62
    FLOATVAL    shift, and go to state 63

    num_exp  转到状态 228
    number   转到状态 139


State 199

   21 init_el: OPEN_PAREN EQUAL_TOK f_head num_exp CLOSE_PAREN .

    $default  reduce using rule 21 (init_el)


State 200

   35 adl_goal_description: OPEN_PAREN AND_TOK adl_goal_description_star . CLOSE_PAREN

    CLOSE_PAREN  shift, and go to state 229


State 201

   41 adl_goal_description1: OPEN_PAREN FORALL_TOK OPEN_PAREN . typed_list_variable CLOSE_PAREN adl_goal_description CLOSE_PAREN

    VARIABLE  shift, and go to state 169

    $default  reduce using rule 82 (typed_list_variable)

    typed_list_variable  转到状态 230


State 202

   85 typed_list_variable: VARIABLE typed_list_variable .

    $default  reduce using rule 85 (typed_list_variable)


State 203

   84 typed_list_variable: VARIABLE type . typed_list_variable

    VARIABLE  shift, and go to state 169

    $default  reduce using rule 82 (typed_list_variable)

    typed_list_variable  转到状态 231


State 204

   83 typed_list_variable: VARIABLE either . name_plus CLOSE_PAREN typed_list_variable

    NAME  shift, and go to state 75

    name_plus  转到状态 232


State 205

   28 pre_GD: OPEN_PAREN FORALL_TOK OPEN_PAREN typed_list_variable CLOSE_PAREN . pre_GD CLOSE_PAREN
   41 adl_goal_description1: OPEN_PAREN FORALL_TOK OPEN_PAREN typed_list_variable CLOSE_PAREN . adl_goal_description CLOSE_PAREN

    OPEN_PAREN  shift, and go to state 233

    pre_GD                 转到状态 234
    pref_GD                转到状态 54
    adl_goal_description   转到状态 235
    adl_goal_description1  转到状态 236
    f_comp                 转到状态 56
    literal_term           转到状态 57
    atomic_formula_term    转到状态 58


State 206

   39 adl_goal_description1: OPEN_PAREN IMPLY_TOK adl_goal_description adl_goal_description CLOSE_PAREN .

    $default  reduce using rule 39 (adl_goal_description1)


State 207

   40 adl_goal_description1: OPEN_PAREN EXISTS_TOK OPEN_PAREN typed_list_variable CLOSE_PAREN . adl_goal_description CLOSE_PAREN

    OPEN_PAREN  shift, and go to state 124

    adl_goal_description   转到状态 237
    adl_goal_description1  转到状态 126
    f_comp                 转到状态 56
    literal_term           转到状态 57
    atomic_formula_term    转到状态 58


State 208

   29 pref_GD: OPEN_PAREN PREFERENCE_TOK NAME adl_goal_description CLOSE_PAREN .

    $default  reduce using rule 29 (pref_GD)


State 209

   47 f_exp: OPEN_PAREN PLUS_TOK f_exp . f_exp CLOSE_PAREN

    NAME        shift, and go to state 60
    OPEN_PAREN  shift, and go to state 135
    INTVAL      shift, and go to state 62
    FLOATVAL    shift, and go to state 63

    f_exp            转到状态 238
    f_head           转到状态 137
    num_exp          转到状态 138
    number           转到状态 139
    function_symbol  转到状态 67


State 210

   44 f_exp: num_exp .
   60 num_exp: OPEN_PAREN PLUS_TOK num_exp . num_exp CLOSE_PAREN

    OPEN_PAREN  shift, and go to state 158
    INTVAL      shift, and go to state 62
    FLOATVAL    shift, and go to state 63

    OPEN_PAREN  [reduce using rule 44 (f_exp)]
    INTVAL      [reduce using rule 44 (f_exp)]
    FLOATVAL    [reduce using rule 44 (f_exp)]
    $default    reduce using rule 44 (f_exp)

    num_exp  转到状态 239
    number   转到状态 139


State 211

   45 f_exp: OPEN_PAREN MINUS_TOK f_exp . CLOSE_PAREN
   46      | OPEN_PAREN MINUS_TOK f_exp . f_exp CLOSE_PAREN

    NAME         shift, and go to state 60
    OPEN_PAREN   shift, and go to state 135
    CLOSE_PAREN  shift, and go to state 240
    INTVAL       shift, and go to state 62
    FLOATVAL     shift, and go to state 63

    f_exp            转到状态 241
    f_head           转到状态 137
    num_exp          转到状态 138
    number           转到状态 139
    function_symbol  转到状态 67


State 212

   44 f_exp: num_exp .
   58 num_exp: OPEN_PAREN MINUS_TOK num_exp . CLOSE_PAREN
   59        | OPEN_PAREN MINUS_TOK num_exp . num_exp CLOSE_PAREN

    OPEN_PAREN   shift, and go to state 158
    CLOSE_PAREN  shift, and go to state 242
    INTVAL       shift, and go to state 62
    FLOATVAL     shift, and go to state 63

    OPEN_PAREN   [reduce using rule 44 (f_exp)]
    CLOSE_PAREN  [reduce using rule 44 (f_exp)]
    INTVAL       [reduce using rule 44 (f_exp)]
    FLOATVAL     [reduce using rule 44 (f_exp)]
    $default     reduce using rule 44 (f_exp)

    num_exp  转到状态 243
    number   转到状态 139


State 213

   48 f_exp: OPEN_PAREN MUL_TOK f_exp . f_exp CLOSE_PAREN

    NAME        shift, and go to state 60
    OPEN_PAREN  shift, and go to state 135
    INTVAL      shift, and go to state 62
    FLOATVAL    shift, and go to state 63

    f_exp            转到状态 244
    f_head           转到状态 137
    num_exp          转到状态 138
    number           转到状态 139
    function_symbol  转到状态 67


State 214

   44 f_exp: num_exp .
   61 num_exp: OPEN_PAREN MUL_TOK num_exp . num_exp CLOSE_PAREN

    OPEN_PAREN  shift, and go to state 158
    INTVAL      shift, and go to state 62
    FLOATVAL    shift, and go to state 63

    OPEN_PAREN  [reduce using rule 44 (f_exp)]
    INTVAL      [reduce using rule 44 (f_exp)]
    FLOATVAL    [reduce using rule 44 (f_exp)]
    $default    reduce using rule 44 (f_exp)

    num_exp  转到状态 245
    number   转到状态 139


State 215

   49 f_exp: OPEN_PAREN DIV_TOK f_exp . f_exp CLOSE_PAREN

    NAME        shift, and go to state 60
    OPEN_PAREN  shift, and go to state 135
    INTVAL      shift, and go to state 62
    FLOATVAL    shift, and go to state 63

    f_exp            转到状态 246
    f_head           转到状态 137
    num_exp          转到状态 138
    number           转到状态 139
    function_symbol  转到状态 67


State 216

   44 f_exp: num_exp .
   62 num_exp: OPEN_PAREN DIV_TOK num_exp . num_exp CLOSE_PAREN

    OPEN_PAREN  shift, and go to state 158
    INTVAL      shift, and go to state 62
    FLOATVAL    shift, and go to state 63

    OPEN_PAREN  [reduce using rule 44 (f_exp)]
    INTVAL      [reduce using rule 44 (f_exp)]
    FLOATVAL    [reduce using rule 44 (f_exp)]
    $default    reduce using rule 44 (f_exp)

    num_exp  转到状态 247
    number   转到状态 139


State 217

   43 f_comp: OPEN_PAREN binary_comp f_exp f_exp CLOSE_PAREN .

    $default  reduce using rule 43 (f_comp)


State 218

  121 require_key_star: NAME $@6 require_key_star .

    $default  reduce using rule 121 (require_key_star)


State 219

   98 ground_f_exp: OPEN_PAREN PLUS_TOK ground_f_exp plus_ground_f_exp_plus CLOSE_PAREN .

    $default  reduce using rule 98 (ground_f_exp)


State 220

  107 plus_ground_f_exp_plus: plus_ground_f_exp_plus ground_f_exp .

    $default  reduce using rule 107 (plus_ground_f_exp_plus)


State 221

   97 ground_f_exp: OPEN_PAREN MINUS_TOK ground_f_exp ground_f_exp CLOSE_PAREN .

    $default  reduce using rule 97 (ground_f_exp)


State 222

   99 ground_f_exp: OPEN_PAREN MUL_TOK ground_f_exp mul_ground_f_exp_plus CLOSE_PAREN .

    $default  reduce using rule 99 (ground_f_exp)


State 223

  109 mul_ground_f_exp_plus: mul_ground_f_exp_plus ground_f_exp .

    $default  reduce using rule 109 (mul_ground_f_exp_plus)


State 224

  100 ground_f_exp: OPEN_PAREN DIV_TOK ground_f_exp ground_f_exp CLOSE_PAREN .

    $default  reduce using rule 100 (ground_f_exp)


State 225

   60 num_exp: OPEN_PAREN PLUS_TOK num_exp . num_exp CLOSE_PAREN

    OPEN_PAREN  shift, and go to state 158
    INTVAL      shift, and go to state 62
    FLOATVAL    shift, and go to state 63

    num_exp  转到状态 239
    number   转到状态 139


State 226

   58 num_exp: OPEN_PAREN MINUS_TOK num_exp . CLOSE_PAREN
   59        | OPEN_PAREN MINUS_TOK num_exp . num_exp CLOSE_PAREN

    OPEN_PAREN   shift, and go to state 158
    CLOSE_PAREN  shift, and go to state 242
    INTVAL       shift, and go to state 62
    FLOATVAL     shift, and go to state 63

    num_exp  转到状态 243
    number   转到状态 139


State 227

   61 num_exp: OPEN_PAREN MUL_TOK num_exp . num_exp CLOSE_PAREN

    OPEN_PAREN  shift, and go to state 158
    INTVAL      shift, and go to state 62
    FLOATVAL    shift, and go to state 63

    num_exp  转到状态 245
    number   转到状态 139


State 228

   62 num_exp: OPEN_PAREN DIV_TOK num_exp . num_exp CLOSE_PAREN

    OPEN_PAREN  shift, and go to state 158
    INTVAL      shift, and go to state 62
    FLOATVAL    shift, and go to state 63

    num_exp  转到状态 247
    number   转到状态 139


State 229

   35 adl_goal_description: OPEN_PAREN AND_TOK adl_goal_description_star CLOSE_PAREN .

    $default  reduce using rule 35 (adl_goal_description)


State 230

   41 adl_goal_description1: OPEN_PAREN FORALL_TOK OPEN_PAREN typed_list_variable . CLOSE_PAREN adl_goal_description CLOSE_PAREN

    CLOSE_PAREN  shift, and go to state 248


State 231

   84 typed_list_variable: VARIABLE type typed_list_variable .

    $default  reduce using rule 84 (typed_list_variable)


State 232

   83 typed_list_variable: VARIABLE either name_plus . CLOSE_PAREN typed_list_variable

    CLOSE_PAREN  shift, and go to state 249


State 233

   25 pre_GD: OPEN_PAREN . CLOSE_PAREN
   27       | OPEN_PAREN . AND_TOK pre_GD_star CLOSE_PAREN
   28       | OPEN_PAREN . FORALL_TOK OPEN_PAREN typed_list_variable CLOSE_PAREN pre_GD CLOSE_PAREN
   29 pref_GD: OPEN_PAREN . PREFERENCE_TOK NAME adl_goal_description CLOSE_PAREN
   30        | OPEN_PAREN . PREFERENCE_TOK adl_goal_description CLOSE_PAREN
   35 adl_goal_description: OPEN_PAREN . AND_TOK adl_goal_description_star CLOSE_PAREN
   37 adl_goal_description1: OPEN_PAREN . OR_TOK adl_goal_description_star CLOSE_PAREN
   38                      | OPEN_PAREN . NOT_TOK adl_goal_description CLOSE_PAREN
   39                      | OPEN_PAREN . IMPLY_TOK adl_goal_description adl_goal_description CLOSE_PAREN
   40                      | OPEN_PAREN . EXISTS_TOK OPEN_PAREN typed_list_variable CLOSE_PAREN adl_goal_description CLOSE_PAREN
   41                      | OPEN_PAREN . FORALL_TOK OPEN_PAREN typed_list_variable CLOSE_PAREN adl_goal_description CLOSE_PAREN
   43 f_comp: OPEN_PAREN . binary_comp f_exp f_exp CLOSE_PAREN
   69 literal_term: OPEN_PAREN . NOT_TOK atomic_formula_term CLOSE_PAREN
   71 atomic_formula_term: OPEN_PAREN . predicate term_star CLOSE_PAREN

    AND_TOK                 shift, and go to state 250
    NOT_TOK                 shift, and go to state 85
    NAME                    shift, and go to state 78
    EQUAL_TOK               shift, and go to state 86
    FORALL_TOK              shift, and go to state 87
    IMPLY_TOK               shift, and go to state 88
    OR_TOK                  shift, and go to state 89
    EXISTS_TOK              shift, and go to state 90
    CLOSE_PAREN             shift, and go to state 91
    PREFERENCE_TOK          shift, and go to state 92
    GREATER_OR_EQUAL_TOK    shift, and go to state 93
    LESS_THAN_OR_EQUAL_TOK  shift, and go to state 94
    GREATER_TOK             shift, and go to state 95
    LESS_THAN_TOK           shift, and go to state 96

    binary_comp  转到状态 97
    predicate    转到状态 98


State 234

   28 pre_GD: OPEN_PAREN FORALL_TOK OPEN_PAREN typed_list_variable CLOSE_PAREN pre_GD . CLOSE_PAREN

    CLOSE_PAREN  shift, and go to state 251


State 235

   41 adl_goal_description1: OPEN_PAREN FORALL_TOK OPEN_PAREN typed_list_variable CLOSE_PAREN adl_goal_description . CLOSE_PAREN

    CLOSE_PAREN  shift, and go to state 252


State 236

   31 pref_GD: adl_goal_description1 .
   34 adl_goal_description: adl_goal_description1 .

    OPEN_PAREN   reduce using rule 31 (pref_GD)
    OPEN_PAREN   [reduce using rule 34 (adl_goal_description)]
    CLOSE_PAREN  reduce using rule 31 (pref_GD)
    CLOSE_PAREN  [reduce using rule 34 (adl_goal_description)]
    $default     reduce using rule 31 (pref_GD)


State 237

   40 adl_goal_description1: OPEN_PAREN EXISTS_TOK OPEN_PAREN typed_list_variable CLOSE_PAREN adl_goal_description . CLOSE_PAREN

    CLOSE_PAREN  shift, and go to state 253


State 238

   47 f_exp: OPEN_PAREN PLUS_TOK f_exp f_exp . CLOSE_PAREN

    CLOSE_PAREN  shift, and go to state 254


State 239

   60 num_exp: OPEN_PAREN PLUS_TOK num_exp num_exp . CLOSE_PAREN

    CLOSE_PAREN  shift, and go to state 255


State 240

   45 f_exp: OPEN_PAREN MINUS_TOK f_exp CLOSE_PAREN .

    $default  reduce using rule 45 (f_exp)


State 241

   46 f_exp: OPEN_PAREN MINUS_TOK f_exp f_exp . CLOSE_PAREN

    CLOSE_PAREN  shift, and go to state 256


State 242

   58 num_exp: OPEN_PAREN MINUS_TOK num_exp CLOSE_PAREN .

    $default  reduce using rule 58 (num_exp)


State 243

   59 num_exp: OPEN_PAREN MINUS_TOK num_exp num_exp . CLOSE_PAREN

    CLOSE_PAREN  shift, and go to state 257


State 244

   48 f_exp: OPEN_PAREN MUL_TOK f_exp f_exp . CLOSE_PAREN

    CLOSE_PAREN  shift, and go to state 258


State 245

   61 num_exp: OPEN_PAREN MUL_TOK num_exp num_exp . CLOSE_PAREN

    CLOSE_PAREN  shift, and go to state 259


State 246

   49 f_exp: OPEN_PAREN DIV_TOK f_exp f_exp . CLOSE_PAREN

    CLOSE_PAREN  shift, and go to state 260


State 247

   62 num_exp: OPEN_PAREN DIV_TOK num_exp num_exp . CLOSE_PAREN

    CLOSE_PAREN  shift, and go to state 261


State 248

   41 adl_goal_description1: OPEN_PAREN FORALL_TOK OPEN_PAREN typed_list_variable CLOSE_PAREN . adl_goal_description CLOSE_PAREN

    OPEN_PAREN  shift, and go to state 124

    adl_goal_description   转到状态 235
    adl_goal_description1  转到状态 126
    f_comp                 转到状态 56
    literal_term           转到状态 57
    atomic_formula_term    转到状态 58


State 249

   83 typed_list_variable: VARIABLE either name_plus CLOSE_PAREN . typed_list_variable

    VARIABLE  shift, and go to state 169

    $default  reduce using rule 82 (typed_list_variable)

    typed_list_variable  转到状态 262


State 250

   27 pre_GD: OPEN_PAREN AND_TOK . pre_GD_star CLOSE_PAREN
   35 adl_goal_description: OPEN_PAREN AND_TOK . adl_goal_description_star CLOSE_PAREN

    OPEN_PAREN  shift, and go to state 233

    CLOSE_PAREN  reduce using rule 32 (pre_GD_star)
    CLOSE_PAREN  [reduce using rule 67 (adl_goal_description_star)]
    $default     reduce using rule 32 (pre_GD_star)

    pre_GD                     转到状态 122
    pref_GD                    转到状态 54
    pre_GD_star                转到状态 123
    adl_goal_description       转到状态 130
    adl_goal_description1      转到状态 236
    f_comp                     转到状态 56
    adl_goal_description_star  转到状态 200
    literal_term               转到状态 57
    atomic_formula_term        转到状态 58


State 251

   28 pre_GD: OPEN_PAREN FORALL_TOK OPEN_PAREN typed_list_variable CLOSE_PAREN pre_GD CLOSE_PAREN .

    $default  reduce using rule 28 (pre_GD)


State 252

   41 adl_goal_description1: OPEN_PAREN FORALL_TOK OPEN_PAREN typed_list_variable CLOSE_PAREN adl_goal_description CLOSE_PAREN .

    $default  reduce using rule 41 (adl_goal_description1)


State 253

   40 adl_goal_description1: OPEN_PAREN EXISTS_TOK OPEN_PAREN typed_list_variable CLOSE_PAREN adl_goal_description CLOSE_PAREN .

    $default  reduce using rule 40 (adl_goal_description1)


State 254

   47 f_exp: OPEN_PAREN PLUS_TOK f_exp f_exp CLOSE_PAREN .

    $default  reduce using rule 47 (f_exp)


State 255

   60 num_exp: OPEN_PAREN PLUS_TOK num_exp num_exp CLOSE_PAREN .

    $default  reduce using rule 60 (num_exp)


State 256

   46 f_exp: OPEN_PAREN MINUS_TOK f_exp f_exp CLOSE_PAREN .

    $default  reduce using rule 46 (f_exp)


State 257

   59 num_exp: OPEN_PAREN MINUS_TOK num_exp num_exp CLOSE_PAREN .

    $default  reduce using rule 59 (num_exp)


State 258

   48 f_exp: OPEN_PAREN MUL_TOK f_exp f_exp CLOSE_PAREN .

    $default  reduce using rule 48 (f_exp)


State 259

   61 num_exp: OPEN_PAREN MUL_TOK num_exp num_exp CLOSE_PAREN .

    $default  reduce using rule 61 (num_exp)


State 260

   49 f_exp: OPEN_PAREN DIV_TOK f_exp f_exp CLOSE_PAREN .

    $default  reduce using rule 49 (f_exp)


State 261

   62 num_exp: OPEN_PAREN DIV_TOK num_exp num_exp CLOSE_PAREN .

    $default  reduce using rule 62 (num_exp)


State 262

   83 typed_list_variable: VARIABLE either name_plus CLOSE_PAREN typed_list_variable .

    $default  reduce using rule 83 (typed_list_variable)
